<?xml version="1.0" encoding="UTF-8"?>
<!-- Generated by org.testng.reporters.JUnitXMLReporter -->
<testsuite ignored="0" hostname="Abhi" failures="1" tests="1" name="GovStack Automation" time="235.653" errors="0" timestamp="2024-05-14T18:17:09 IST">
  <testcase classname="io.cucumber.testng.AbstractTestNGCucumberTests" name="runScenario" time="232.226">
    <failure type="java.lang.AssertionError" message="null">
      <![CDATA[java.lang.AssertionError: null
at org.govstack.utils.CommonMethods.clickElement(CommonMethods.java:50)
at org.govstack.pom.pages.NewsPage.verifyPublish(NewsPage.java:31)
at org.govstack.pom.pages.NewsPage.publishNews(NewsPage.java:28)
at org.govstack.stepdefinition.StepDefinitions.i_enter_all_the_details(StepDefinitions.java:38)
at âœ½.I enter all the details(file:///D:/GovStack/GovStack_Automation/src/main/resources/TestCases/NewsTestCases.feature:8)
... Removed 2 stack frames]]>
    </failure>
  </testcase> <!-- runScenario -->
</testsuite> <!-- GovStack Automation -->
