<?xml version="1.0" encoding="UTF-8"?>
<testng-results ignored="0" total="1" passed="0" failed="1" skipped="0">
  <reporter-output>
  </reporter-output>
  <suite started-at="2024-05-14T18:13:12 IST" name="All Test Suite" finished-at="2024-05-14T18:17:08 IST" duration-ms="235653">
    <groups>
      <group name="cucumber">
        <method signature="AbstractTestNGCucumberTests.runScenario(io.cucumber.testng.PickleWrapper,io.cucumber.testng.FeatureWrapper)[pri:0, instance:org.govstack.TestRunner.TestRunner@22a637e7]" name="runScenario" class="io.cucumber.testng.AbstractTestNGCucumberTests"/>
      </group> <!-- cucumber -->
    </groups>
    <test started-at="2024-05-14T18:13:12 IST" name="GovStack Automation" finished-at="2024-05-14T18:17:08 IST" duration-ms="235653">
      <class name="org.govstack.TestRunner.TestRunner">
        <test-method is-config="true" signature="setUpClass(org.testng.ITestContext)[pri:0, instance:org.govstack.TestRunner.TestRunner@22a637e7]" started-at="2024-05-14T18:13:13 IST" name="setUpClass" finished-at="2024-05-14T18:13:15 IST" duration-ms="2522" status="PASS">
          <params>
            <param index="0">
              <value>
                <![CDATA[org.testng.TestRunner@537ca28e]]>
              </value>
            </param>
          </params>
          <reporter-output>
          </reporter-output>
        </test-method> <!-- setUpClass -->
        <test-method signature="runScenario(io.cucumber.testng.PickleWrapper,io.cucumber.testng.FeatureWrapper)[pri:0, instance:org.govstack.TestRunner.TestRunner@22a637e7]" started-at="2024-05-14T18:13:15 IST" name="runScenario" description="Runs Cucumber Scenarios" data-provider="scenarios" finished-at="2024-05-14T18:17:08 IST" duration-ms="232226" status="FAIL">
          <params>
            <param index="0">
              <value>
                <![CDATA["Create a news and publish"]]>
              </value>
            </param>
            <param index="1">
              <value>
                <![CDATA["News Scenarios"]]>
              </value>
            </param>
          </params>
          <exception class="java.lang.AssertionError">
            <message>
              <![CDATA[null]]>
            </message>
            <full-stacktrace>
              <![CDATA[java.lang.AssertionError: null
at org.testng.Assert.fail(Assert.java:111)
at org.testng.Assert.fail(Assert.java:116)
at org.govstack.utils.CommonMethods.clickElement(CommonMethods.java:50)
at org.govstack.pom.pages.NewsPage.verifyPublish(NewsPage.java:31)
at org.govstack.pom.pages.NewsPage.publishNews(NewsPage.java:28)
at org.govstack.stepdefinition.StepDefinitions.i_enter_all_the_details(StepDefinitions.java:38)
at âœ½.I enter all the details(file:///D:/GovStack/GovStack_Automation/src/main/resources/TestCases/NewsTestCases.feature:8)
]]>
            </full-stacktrace>
          </exception> <!-- java.lang.AssertionError -->
          <reporter-output>
          </reporter-output>
        </test-method> <!-- runScenario -->
        <test-method is-config="true" signature="tearDownClass()[pri:0, instance:org.govstack.TestRunner.TestRunner@22a637e7]" started-at="2024-05-14T18:17:08 IST" name="tearDownClass" finished-at="2024-05-14T18:17:08 IST" duration-ms="62" status="PASS">
          <reporter-output>
          </reporter-output>
        </test-method> <!-- tearDownClass -->
      </class> <!-- org.govstack.TestRunner.TestRunner -->
    </test> <!-- GovStack Automation -->
  </suite> <!-- All Test Suite -->
</testng-results>
